<?xml version="1.0" encoding="UTF-8"?>
<!-- Generated by org.testng.reporters.JUnitXMLReporter -->
<testsuite ignored="0" hostname="LAPTOP-VL28O11O" failures="0" tests="3" name="Test" time="116.064" errors="0" timestamp="2021-09-23T13:37:25 IST">
  <testcase classname="com.marketingbiweeklycall.endtoendtest.EndToEndTest" name="login" time="0.458"/>
  <testcase classname="com.marketingbiweeklycall.endtoendtest.EndToEndTest" name="CreateBiWeeklyCall" time="72.693"/>
  <testcase classname="com.marketingbiweeklycall.endtoendtest.EndToEndTest" name="UpdateBiWeeklyCall" time="21.32"/>
</testsuite> <!-- Test -->
