<?xml version="1.0" encoding="UTF-8"?>
<!-- Generated by org.testng.reporters.JUnitXMLReporter -->
<testsuite ignored="1" hostname="LAPTOP-VL28O11O" failures="0" tests="2" name="Test" time="105.927" errors="0" timestamp="2021-09-23T12:23:42 IST">
  <testcase classname="com.marketingstudentcalling.endtoendtest.EndToEndTest" name="login" time="0.558"/>
  <testcase classname="com.marketingstudentcalling.endtoendtest.EndToEndTest" name="AddingStudentCalling" time="89.268"/>
  <testcase classname="com.marketingstudentcalling.endtoendtest.EndToEndTest" name="CheckedStudentCallingData" time="0.0">
    <ignored/>
  </testcase> <!-- CheckedStudentCallingData -->
</testsuite> <!-- Test -->
