<?xml version="1.0" encoding="UTF-8"?>
<testng-results ignored="1" total="3" passed="2" failed="0" skipped="0">
  <reporter-output>
  </reporter-output>
  <suite started-at="2021-09-23T12:21:56 IST" name="Suite" finished-at="2021-09-23T12:23:42 IST" duration-ms="105927">
    <groups>
      <group name="smoke">
        <method signature="EndToEndTest.AddingStudentCalling()[pri:1, instance:com.marketingstudentcalling.endtoendtest.EndToEndTest@41fecb8b]" name="AddingStudentCalling" class="com.marketingstudentcalling.endtoendtest.EndToEndTest"/>
        <method signature="EndToEndTest.login()[pri:0, instance:com.marketingstudentcalling.endtoendtest.EndToEndTest@41fecb8b]" name="login" class="com.marketingstudentcalling.endtoendtest.EndToEndTest"/>
      </group> <!-- smoke -->
    </groups>
    <test started-at="2021-09-23T12:21:56 IST" name="Test" finished-at="2021-09-23T12:23:42 IST" duration-ms="105927">
      <class name="com.marketingstudentcalling.endtoendtest.EndToEndTest">
        <test-method is-config="true" signature="intibase()[pri:0, instance:com.marketingstudentcalling.endtoendtest.EndToEndTest@41fecb8b]" started-at="2021-09-23T12:21:56 IST" name="intibase" finished-at="2021-09-23T12:22:12 IST" duration-ms="16028" status="PASS">
          <reporter-output>
          </reporter-output>
        </test-method> <!-- intibase -->
        <test-method signature="login()[pri:0, instance:com.marketingstudentcalling.endtoendtest.EndToEndTest@41fecb8b]" started-at="2021-09-23T12:22:12 IST" name="login" finished-at="2021-09-23T12:22:13 IST" duration-ms="558" status="PASS">
          <reporter-output>
          </reporter-output>
        </test-method> <!-- login -->
        <test-method signature="AddingStudentCalling()[pri:1, instance:com.marketingstudentcalling.endtoendtest.EndToEndTest@41fecb8b]" started-at="2021-09-23T12:22:13 IST" name="AddingStudentCalling" finished-at="2021-09-23T12:23:42 IST" duration-ms="89268" status="PASS">
          <reporter-output>
          </reporter-output>
        </test-method> <!-- AddingStudentCalling -->
      </class> <!-- com.marketingstudentcalling.endtoendtest.EndToEndTest -->
    </test> <!-- Test -->
  </suite> <!-- Suite -->
</testng-results>
