<?xml version="1.0" encoding="UTF-8"?>
<testng-results ignored="0" total="2" passed="2" failed="0" skipped="0">
  <reporter-output>
  </reporter-output>
  <suite started-at="2021-10-22T10:35:13 IST" name="Suite" finished-at="2021-10-22T10:37:03 IST" duration-ms="109167">
    <groups>
      <group name="regration">
        <method signature="EndToEndTest.CampaignsFieldData()[pri:1, instance:com.marketingcampaing.endtoendtest.EndToEndTest@41fecb8b]" name="CampaignsFieldData" class="com.marketingcampaing.endtoendtest.EndToEndTest"/>
      </group> <!-- regration -->
      <group name="smoke">
        <method signature="EndToEndTest.login()[pri:0, instance:com.marketingcampaing.endtoendtest.EndToEndTest@41fecb8b]" name="login" class="com.marketingcampaing.endtoendtest.EndToEndTest"/>
      </group> <!-- smoke -->
    </groups>
    <test started-at="2021-10-22T10:35:13 IST" name="Test" finished-at="2021-10-22T10:37:03 IST" duration-ms="109167">
      <class name="com.marketingcampaing.endtoendtest.EndToEndTest">
        <test-method is-config="true" signature="intibase()[pri:0, instance:com.marketingcampaing.endtoendtest.EndToEndTest@41fecb8b]" started-at="2021-10-22T10:35:13 IST" name="intibase" finished-at="2021-10-22T10:35:36 IST" duration-ms="23141" status="PASS">
          <reporter-output>
          </reporter-output>
        </test-method> <!-- intibase -->
        <test-method signature="login()[pri:0, instance:com.marketingcampaing.endtoendtest.EndToEndTest@41fecb8b]" started-at="2021-10-22T10:35:37 IST" name="login" finished-at="2021-10-22T10:35:37 IST" duration-ms="458" status="PASS">
          <reporter-output>
          </reporter-output>
        </test-method> <!-- login -->
        <test-method signature="CampaignsFieldData()[pri:1, instance:com.marketingcampaing.endtoendtest.EndToEndTest@41fecb8b]" started-at="2021-10-22T10:35:37 IST" name="CampaignsFieldData" finished-at="2021-10-22T10:37:02 IST" duration-ms="85503" status="PASS">
          <reporter-output>
          </reporter-output>
        </test-method> <!-- CampaignsFieldData -->
      </class> <!-- com.marketingcampaing.endtoendtest.EndToEndTest -->
    </test> <!-- Test -->
  </suite> <!-- Suite -->
</testng-results>
