<?xml version="1.0" encoding="UTF-8"?>
<!-- Generated by org.testng.reporters.JUnitXMLReporter -->
<testsuite ignored="0" hostname="DESKTOP-GCV6TKI" failures="0" tests="4" name="Default test" time="272.231" errors="0" timestamp="2021-09-23T15:09:58 IST">
  <testcase classname="com.marketingeventssessions.End.EndToEnd" name="log" time="0.299"/>
  <testcase classname="com.marketingeventssessions.End.EndToEnd" name="EventSessionsui" time="191.018"/>
  <testcase classname="com.marketingeventssessions.End.EndToEnd" name="login" time="0.24"/>
  <testcase classname="com.marketingeventssessions.End.EndToEnd" name="UpdateEventSessionsui" time="71.35"/>
</testsuite> <!-- Default test -->
