<?xml version="1.0" encoding="UTF-8"?>
<!-- Generated by org.testng.reporters.JUnitXMLReporter -->
<testsuite ignored="0" hostname="LAPTOP-VL28O11O" failures="0" tests="2" name="Test" time="131.761" errors="0" timestamp="2021-09-22T13:44:54 IST">
  <testcase classname="com.marketingeventsbranding.endtoendtest.EndToEndTest" name="login" time="0.523"/>
  <testcase classname="com.marketingeventsbranding.endtoendtest.EndToEndTest" name="MarketingEventsBrandingClass" time="116.794"/>
</testsuite> <!-- Test -->
