<?xml version="1.0" encoding="UTF-8"?>
<testng-results ignored="0" total="2" passed="2" failed="0" skipped="0">
  <reporter-output>
  </reporter-output>
  <suite started-at="2021-10-21T11:33:31 IST" name="Default suite" finished-at="2021-10-21T11:35:20 IST" duration-ms="108771">
    <groups>
      <group name="smoke">
        <method signature="EndToEndTest.MarketCallingui()[pri:1, instance:com.marketingcalling.end.EndToEndTest@71def8f8]" name="MarketCallingui" class="com.marketingcalling.end.EndToEndTest"/>
        <method signature="EndToEndTest.login()[pri:0, instance:com.marketingcalling.end.EndToEndTest@71def8f8]" name="login" class="com.marketingcalling.end.EndToEndTest"/>
      </group> <!-- smoke -->
    </groups>
    <test started-at="2021-10-21T11:33:31 IST" name="Default test" finished-at="2021-10-21T11:35:20 IST" duration-ms="108771">
      <class name="com.marketingcalling.end.EndToEndTest">
        <test-method is-config="true" signature="intibase()[pri:0, instance:com.marketingcalling.end.EndToEndTest@71def8f8]" started-at="2021-10-21T11:33:31 IST" name="intibase" finished-at="2021-10-21T11:33:40 IST" duration-ms="8577" status="PASS">
          <reporter-output>
          </reporter-output>
        </test-method> <!-- intibase -->
        <test-method signature="login()[pri:0, instance:com.marketingcalling.end.EndToEndTest@71def8f8]" started-at="2021-10-21T11:33:40 IST" name="login" finished-at="2021-10-21T11:33:40 IST" duration-ms="318" status="PASS">
          <reporter-output>
          </reporter-output>
        </test-method> <!-- login -->
        <test-method signature="MarketCallingui()[pri:1, instance:com.marketingcalling.end.EndToEndTest@71def8f8]" started-at="2021-10-21T11:33:40 IST" name="MarketCallingui" finished-at="2021-10-21T11:35:20 IST" duration-ms="99820" status="PASS">
          <reporter-output>
          </reporter-output>
        </test-method> <!-- MarketCallingui -->
      </class> <!-- com.marketingcalling.end.EndToEndTest -->
    </test> <!-- Default test -->
  </suite> <!-- Default suite -->
</testng-results>
