<?xml version="1.0" encoding="UTF-8"?>
<testng-results ignored="0" total="4" passed="4" failed="0" skipped="0">
  <reporter-output>
  </reporter-output>
  <suite started-at="2021-09-23T15:05:26 IST" name="Default suite" finished-at="2021-09-23T15:09:58 IST" duration-ms="272231">
    <groups>
      <group name="smoke">
        <method signature="EndToEnd.UpdateEventSessionsui()[pri:3, instance:com.marketingeventssessions.End.EndToEnd@71238fc2]" name="UpdateEventSessionsui" class="com.marketingeventssessions.End.EndToEnd"/>
        <method signature="EndToEnd.login()[pri:2, instance:com.marketingeventssessions.End.EndToEnd@71238fc2]" name="login" class="com.marketingeventssessions.End.EndToEnd"/>
      </group> <!-- smoke -->
      <group name="sanity">
        <method signature="EndToEnd.EventSessionsui()[pri:1, instance:com.marketingeventssessions.End.EndToEnd@71238fc2]" name="EventSessionsui" class="com.marketingeventssessions.End.EndToEnd"/>
        <method signature="EndToEnd.log()[pri:0, instance:com.marketingeventssessions.End.EndToEnd@71238fc2]" name="log" class="com.marketingeventssessions.End.EndToEnd"/>
      </group> <!-- sanity -->
    </groups>
    <test started-at="2021-09-23T15:05:26 IST" name="Default test" finished-at="2021-09-23T15:09:58 IST" duration-ms="272231">
      <class name="com.marketingeventssessions.End.EndToEnd">
        <test-method is-config="true" signature="intibase()[pri:0, instance:com.marketingeventssessions.End.EndToEnd@71238fc2]" started-at="2021-09-23T15:05:26 IST" name="intibase" finished-at="2021-09-23T15:05:35 IST" duration-ms="9264" status="PASS">
          <reporter-output>
          </reporter-output>
        </test-method> <!-- intibase -->
        <test-method signature="log()[pri:0, instance:com.marketingeventssessions.End.EndToEnd@71238fc2]" started-at="2021-09-23T15:05:35 IST" name="log" finished-at="2021-09-23T15:05:35 IST" duration-ms="299" status="PASS">
          <reporter-output>
          </reporter-output>
        </test-method> <!-- log -->
        <test-method signature="EventSessionsui()[pri:1, instance:com.marketingeventssessions.End.EndToEnd@71238fc2]" started-at="2021-09-23T15:05:35 IST" name="EventSessionsui" finished-at="2021-09-23T15:08:46 IST" duration-ms="191018" status="PASS">
          <reporter-output>
          </reporter-output>
        </test-method> <!-- EventSessionsui -->
        <test-method signature="login()[pri:2, instance:com.marketingeventssessions.End.EndToEnd@71238fc2]" started-at="2021-09-23T15:08:46 IST" name="login" finished-at="2021-09-23T15:08:46 IST" duration-ms="240" status="PASS">
          <reporter-output>
          </reporter-output>
        </test-method> <!-- login -->
        <test-method signature="UpdateEventSessionsui()[pri:3, instance:com.marketingeventssessions.End.EndToEnd@71238fc2]" started-at="2021-09-23T15:08:46 IST" name="UpdateEventSessionsui" finished-at="2021-09-23T15:09:58 IST" duration-ms="71350" status="PASS">
          <reporter-output>
          </reporter-output>
        </test-method> <!-- UpdateEventSessionsui -->
      </class> <!-- com.marketingeventssessions.End.EndToEnd -->
    </test> <!-- Default test -->
  </suite> <!-- Default suite -->
</testng-results>
