<?xml version="1.0" encoding="UTF-8"?>
<!-- Generated by org.testng.reporters.JUnitXMLReporter -->
<testsuite ignored="0" hostname="LAPTOP-VL28O11O" failures="0" tests="4" name="Test" time="143.243" errors="0" timestamp="2021-09-23T14:02:10 IST">
  <testcase classname="com.marketingmarketingcalling.endtoendtest.EndToEndTest" name="login" time="0.453"/>
  <testcase classname="com.marketingmarketingcalling.endtoendtest.EndToEndTest" name="AddingMarketingCalling" time="87.62"/>
  <testcase classname="com.marketingmarketingcalling.endtoendtest.EndToEndTest" name="CheckedCheckedAllInstitutionsData" time="13.322"/>
  <testcase classname="com.marketingmarketingcalling.endtoendtest.EndToEndTest" name="UpdateMarketingCallingFields" time="31.317"/>
</testsuite> <!-- Test -->
